SF:lib/features/weather/domain/entities/city.dart
DA:8,4
LF:1
LH:1
end_of_record
SF:lib/features/weather/domain/usecases/get_next_five_days_weather.dart
DA:13,1
DA:15,1
DA:19,2
DA:20,1
DA:28,1
LF:5
LH:5
end_of_record
SF:lib/features/weather/data/models/weather.dart
DA:5,1
DA:11,1
DA:19,0
DA:20,0
DA:21,0
DA:22,0
DA:23,0
DA:24,0
DA:25,0
LF:9
LH:2
end_of_record
SF:lib/features/weather/domain/entities/weather.dart
DA:11,2
DA:19,0
DA:20,0
DA:21,0
DA:22,0
DA:23,0
DA:24,0
DA:25,0
LF:8
LH:1
end_of_record
SF:lib/shared/errors/failures.dart
DA:7,1
DA:12,1
DA:13,3
DA:17,1
DA:20,1
DA:27,0
DA:30,0
LF:7
LH:5
end_of_record
SF:lib/shared/usecase.dart
DA:12,0
DA:13,0
LF:2
LH:0
end_of_record
SF:lib/features/weather/domain/usecases/get_current_weather.dart
DA:12,1
DA:14,1
DA:18,3
DA:25,1
LF:4
LH:4
end_of_record
SF:lib/features/weather/data/datasources/weather_remote_data_source.dart
DA:23,1
DA:26,1
DA:28,5
DA:31,3
DA:32,1
DA:33,0
DA:35,1
DA:36,1
DA:37,1
DA:42,1
DA:46,5
DA:49,3
DA:50,1
DA:51,0
DA:52,0
DA:53,0
DA:54,0
DA:55,0
DA:60,1
DA:61,1
DA:62,1
LF:21
LH:15
end_of_record
SF:lib/features/weather/data/repositories/weather_repository_implementation.dart
DA:15,1
DA:21,1
DA:25,3
DA:26,1
DA:32,3
DA:33,1
DA:34,1
DA:35,2
DA:36,1
DA:37,1
DA:43,1
DA:47,3
DA:48,1
DA:54,3
DA:55,1
DA:56,1
DA:57,2
DA:58,1
DA:59,1
LF:19
LH:19
end_of_record
SF:lib/shared/errors/exceptions.dart
DA:5,2
DA:15,0
LF:2
LH:1
end_of_record
SF:lib/shared/network/network_info.dart
DA:10,1
DA:12,1
DA:13,2
LF:3
LH:3
end_of_record
